[debug] [2025-09-14T06:10:03.306Z] ----------------------------------------------------------------------
[debug] [2025-09-14T06:10:03.307Z] Command:       /Users/jean-michelnogaro/.nvm/versions/node/v20.19.4/bin/node /usr/local/bin/firebase projects:list
[debug] [2025-09-14T06:10:03.308Z] CLI Version:   14.9.0
[debug] [2025-09-14T06:10:03.308Z] Platform:      darwin
[debug] [2025-09-14T06:10:03.308Z] Node Version:  v20.19.4
[debug] [2025-09-14T06:10:03.308Z] Time:          Sun Sep 14 2025 08:10:03 GMT+0200 (heure d’été d’Europe centrale)
[debug] [2025-09-14T06:10:03.308Z] ----------------------------------------------------------------------
[debug] 
[debug] [2025-09-14T06:10:03.382Z] > command requires scopes: ["email","openid","https://www.googleapis.com/auth/cloudplatformprojects.readonly","https://www.googleapis.com/auth/firebase","https://www.googleapis.com/auth/cloud-platform"]
[debug] [2025-09-14T06:10:03.382Z] > authorizing via signed-in user (jeanmichel@allianz-nogaro.fr)
[debug] [2025-09-14T06:10:03.386Z] Checked if tokens are valid: false, expires at: 1756967774669
[debug] [2025-09-14T06:10:03.386Z] Checked if tokens are valid: false, expires at: 1756967774669
[debug] [2025-09-14T06:10:03.386Z] > refreshing access token with scopes: []
[debug] [2025-09-14T06:10:03.386Z] >>> [apiv2][query] POST https://www.googleapis.com/oauth2/v3/token [none]
[debug] [2025-09-14T06:10:03.386Z] >>> [apiv2][body] POST https://www.googleapis.com/oauth2/v3/token [omitted]
[debug] [2025-09-14T06:10:03.570Z] <<< [apiv2][status] POST https://www.googleapis.com/oauth2/v3/token 400
[debug] [2025-09-14T06:10:03.570Z] <<< [apiv2][body] POST https://www.googleapis.com/oauth2/v3/token [omitted]
[error] Authentication Error: Your credentials are no longer valid. Please run firebase login --reauth

For CI servers and headless environments, generate a new token with firebase login:ci
[error] Authentication Error: Your credentials are no longer valid. Please run firebase login --reauth

For CI servers and headless environments, generate a new token with firebase login:ci
[debug] [2025-09-14T06:10:03.570Z] Authentication Error: Your credentials are no longer valid. Please run firebase login --reauth

For CI servers and headless environments, generate a new token with firebase login:ci
[debug] [2025-09-14T06:10:03.650Z] FirebaseError: Authentication Error: Your credentials are no longer valid. Please run firebase login --reauth

For CI servers and headless environments, generate a new token with firebase login:ci
    at invalidCredentialError (/usr/local/lib/node_modules/firebase-tools/lib/auth.js:167:12)
    at refreshTokens (/usr/local/lib/node_modules/firebase-tools/lib/auth.js:556:15)
    at process.processTicksAndRejections (node:internal/process/task_queues:95:5)
    at async getAccessToken (/usr/local/lib/node_modules/firebase-tools/lib/apiv2.js:42:18)
    at async Client.addAuthHeader (/usr/local/lib/node_modules/firebase-tools/lib/apiv2.js:169:21)
    at async Client.request (/usr/local/lib/node_modules/firebase-tools/lib/apiv2.js:120:34)
    at async getProjectPage (/usr/local/lib/node_modules/firebase-tools/lib/management/projects.js:267:17)
    at async getFirebaseProjectPage (/usr/local/lib/node_modules/firebase-tools/lib/management/projects.js:284:23)
    at async listFirebaseProjects (/usr/local/lib/node_modules/firebase-tools/lib/management/projects.js:315:29)
    at async Command.actionFn (/usr/local/lib/node_modules/firebase-tools/lib/commands/projects-list.js:51:20)
[error] 
[error] Error: Failed to list Firebase projects. See firebase-debug.log for more info.
